Incoming Request: {"sale_id":"177","sale_date":"2024-11-19","quantity":"2","total_price":"900.00","channel":"shopee"}
No sale record found for sale_id: 177
Incoming Request: {"sale_id":"177","sale_date":"2024-11-19","quantity":"2","total_price":"900.00","channel":"shopee"}
No sale record found for sale_id: 177
Incoming Request: {"sale_id":"45","sale_date":"2024-11-19","quantity":"2","total_price":"450.00","channel":"shopee"}
Current Sale Record: Array
(
    [sale_id] => 45
    [inventory_id] => 515
    [variant_id] => 177
    [product_id] => 105
    [quantity] => 1
    [price] => 450.00
    [total_price] => 450.00
    [channel] => shopee
    [sale_date] => 2024-11-20 00:00:00
    [user_id] => 36
    [is_archived] => 0
)

Current Inventory Record: Array
(
    [inventory_id] => 515
    [quantity] => 2
)

Sale and Inventory Updated Successfully.
Incoming Request: {"sale_id":"45","sale_date":"2024-11-18","quantity":"3","total_price":"450.00","channel":"shopee"}
Current Sale Record: Array
(
    [sale_id] => 45
    [inventory_id] => 515
    [variant_id] => 177
    [product_id] => 105
    [quantity] => 2
    [price] => 450.00
    [total_price] => 450.00
    [channel] => shopee
    [sale_date] => 2024-11-19 00:00:00
    [user_id] => 36
    [is_archived] => 0
)

Current Inventory Record: Array
(
    [inventory_id] => 515
    [quantity] => 1
)

Sale and Inventory Updated Successfully.
Incoming Request: {"sale_id":"45","sale_date":"2024-11-17","quantity":"3","total_price":"450.00","channel":"physical_store"}
Current Sale Record: Array
(
    [sale_id] => 45
    [inventory_id] => 515
    [variant_id] => 177
    [product_id] => 105
    [quantity] => 3
    [price] => 450.00
    [total_price] => 450.00
    [channel] => shopee
    [sale_date] => 2024-11-18 00:00:00
    [user_id] => 36
    [is_archived] => 0
)

Current Inventory Record: Array
(
    [inventory_id] => 514
    [quantity] => 0
)

Sale and Inventory Updated Successfully.
Incoming Request: {"sale_id":"45","sale_date":"2024-11-16","quantity":"1","total_price":"450.00","channel":"physical_store"}
Current Sale Record: Array
(
    [sale_id] => 45
    [inventory_id] => 515
    [variant_id] => 177
    [product_id] => 105
    [quantity] => 3
    [price] => 450.00
    [total_price] => 450.00
    [channel] => physical_store
    [sale_date] => 2024-11-17 00:00:00
    [user_id] => 36
    [is_archived] => 0
)

Current Inventory Record: Array
(
    [inventory_id] => 514
    [quantity] => 0
)

Sale and Inventory Updated Successfully.
Incoming Request: {"sale_id":"45","sale_date":"2024-11-15","quantity":"2","total_price":"450.00","channel":"physical_store"}
Current Sale Record: Array
(
    [sale_id] => 45
    [inventory_id] => 515
    [variant_id] => 177
    [product_id] => 105
    [quantity] => 1
    [price] => 450.00
    [total_price] => 450.00
    [channel] => physical_store
    [sale_date] => 2024-11-16 00:00:00
    [user_id] => 36
    [is_archived] => 0
)

Current Inventory Record: Array
(
    [inventory_id] => 514
    [quantity] => 2
)

Sale and Inventory Updated Successfully.
Incoming Request: {"sale_id":"45","sale_date":"2024-11-14","quantity":"2","total_price":"450.00","channel":"shopee"}
Current Sale Record: Array
(
    [sale_id] => 45
    [inventory_id] => 515
    [variant_id] => 177
    [product_id] => 105
    [quantity] => 2
    [price] => 450.00
    [total_price] => 450.00
    [channel] => physical_store
    [sale_date] => 2024-11-15 00:00:00
    [user_id] => 36
    [is_archived] => 0
)

Current Inventory Record: Array
(
    [inventory_id] => 515
    [quantity] => 0
)

Sale and Inventory Updated Successfully.
Incoming Request: {"sale_id":"45","sale_date":"2024-11-13","quantity":"1","total_price":"450.00","channel":"shopee"}
Current Sale Record: Array
(
    [sale_id] => 45
    [inventory_id] => 515
    [variant_id] => 177
    [product_id] => 105
    [quantity] => 2
    [price] => 450.00
    [total_price] => 450.00
    [channel] => shopee
    [sale_date] => 2024-11-14 00:00:00
    [user_id] => 36
    [is_archived] => 0
)

Current Inventory Record: Array
(
    [inventory_id] => 515
    [quantity] => 0
)

Sale and Inventory Updated Successfully.
Incoming Request: {"sale_id":"45","sale_date":"2024-11-22","quantity":"1","total_price":"450.00","channel":"shopee"}
Current Sale Record: Array
(
    [sale_id] => 45
    [inventory_id] => 515
    [variant_id] => 177
    [product_id] => 105
    [quantity] => 1
    [price] => 450.00
    [total_price] => 450.00
    [channel] => shopee
    [sale_date] => 2024-11-13 00:00:00
    [user_id] => 36
    [is_archived] => 0
)

Current Inventory Record: Array
(
    [inventory_id] => 515
    [quantity] => 1
)

Sale and Inventory Updated Successfully.
Incoming Request: {"sale_id":"52","sale_date":"2024-11-19","quantity":"3","total_price":"2.00","channel":"physical_store"}
Current Sale Record: Array
(
    [sale_id] => 52
    [inventory_id] => 517
    [variant_id] => 178
    [product_id] => 106
    [quantity] => 1
    [price] => 2.00
    [total_price] => 2.00
    [channel] => physical_store
    [sale_date] => 2024-11-20 00:00:00
    [user_id] => 36
    [is_archived] => 0
)

Current Inventory Record: Array
(
    [inventory_id] => 517
    [quantity] => 0
)

Insufficient stock. Available: 1, Requested: 3
Incoming Request: {"sale_id":"52","sale_date":"2024-11-19","quantity":"3","total_price":"2.00","channel":"physical_store"}
Current Sale Record: Array
(
    [sale_id] => 52
    [inventory_id] => 517
    [variant_id] => 178
    [product_id] => 106
    [quantity] => 1
    [price] => 2.00
    [total_price] => 2.00
    [channel] => physical_store
    [sale_date] => 2024-11-20 00:00:00
    [user_id] => 36
    [is_archived] => 0
)

Current Inventory Record: Array
(
    [inventory_id] => 517
    [quantity] => 0
)

Insufficient stock. Available: 1, Requested: 3
Incoming Request: {"sale_id":"52","sale_date":"2024-11-19","quantity":"3","total_price":"2.00","channel":"physical_store"}
Current Sale Record: Array
(
    [sale_id] => 52
    [inventory_id] => 517
    [variant_id] => 178
    [product_id] => 106
    [quantity] => 1
    [price] => 2.00
    [total_price] => 2.00
    [channel] => physical_store
    [sale_date] => 2024-11-20 00:00:00
    [user_id] => 36
    [is_archived] => 0
)

Current Inventory Record: Array
(
    [inventory_id] => 517
    [quantity] => 0
)

Insufficient stock. Available: 1, Requested: 3
Incoming Request: {"sale_id":"52","sale_date":"2024-11-19","quantity":"1","total_price":"2.00","channel":"physical_store"}
Current Sale Record: Array
(
    [sale_id] => 52
    [inventory_id] => 517
    [variant_id] => 178
    [product_id] => 106
    [quantity] => 1
    [price] => 2.00
    [total_price] => 2.00
    [channel] => physical_store
    [sale_date] => 2024-11-20 00:00:00
    [user_id] => 36
    [is_archived] => 0
)

Current Inventory Record: Array
(
    [inventory_id] => 517
    [quantity] => 0
)

Sale and Inventory Updated Successfully.
Incoming Request: {"sale_id":"52","sale_date":"2024-11-18","quantity":"2","total_price":"2.00","channel":"physical_store"}
Current Sale Record: Array
(
    [sale_id] => 52
    [inventory_id] => 517
    [variant_id] => 178
    [product_id] => 106
    [quantity] => 1
    [price] => 2.00
    [total_price] => 2.00
    [channel] => physical_store
    [sale_date] => 2024-11-19 00:00:00
    [user_id] => 36
    [is_archived] => 0
)

Current Inventory Record: Array
(
    [inventory_id] => 517
    [quantity] => 0
)

Insufficient stock. Available: 1, Requested: 2
Incoming Request: {"sale_id":"52","sale_date":"2024-11-18","quantity":"2","total_price":"2.00","channel":"shopee"}
Current Sale Record: Array
(
    [sale_id] => 52
    [inventory_id] => 517
    [variant_id] => 178
    [product_id] => 106
    [quantity] => 1
    [price] => 2.00
    [total_price] => 2.00
    [channel] => physical_store
    [sale_date] => 2024-11-19 00:00:00
    [user_id] => 36
    [is_archived] => 0
)

Current Inventory Record: Array
(
    [inventory_id] => 518
    [quantity] => 2
)

Sale and Inventory Updated Successfully.
Incoming Request: {"sale_id":"55","sale_date":"2024-11-19","quantity":"2","total_price":"450.00","channel":"physical_store"}
Current Sale Record: Array
(
    [sale_id] => 55
    [inventory_id] => 514
    [variant_id] => 177
    [product_id] => 105
    [quantity] => 1
    [price] => 450.00
    [total_price] => 450.00
    [channel] => physical_store
    [sale_date] => 2024-11-20 00:00:00
    [user_id] => 36
    [is_archived] => 0
)

Current Inventory Record: Array
(
    [inventory_id] => 514
    [quantity] => 0
)

Insufficient stock. Available: 1, Requested: 2
Incoming Request: {"sale_id":"55","sale_date":"2024-11-19","quantity":"1","total_price":"450.00","channel":"physical_store"}
Current Sale Record: Array
(
    [sale_id] => 55
    [inventory_id] => 514
    [variant_id] => 177
    [product_id] => 105
    [quantity] => 1
    [price] => 450.00
    [total_price] => 450.00
    [channel] => physical_store
    [sale_date] => 2024-11-20 00:00:00
    [user_id] => 36
    [is_archived] => 0
)

Current Inventory Record: Array
(
    [inventory_id] => 514
    [quantity] => 0
)

Sale and Inventory Updated Successfully.
Incoming Request: {"sale_id":"55","sale_date":"2024-11-18","quantity":"1","total_price":"450.00","channel":"shopee"}
Current Sale Record: Array
(
    [sale_id] => 55
    [inventory_id] => 514
    [variant_id] => 177
    [product_id] => 105
    [quantity] => 1
    [price] => 450.00
    [total_price] => 450.00
    [channel] => physical_store
    [sale_date] => 2024-11-19 00:00:00
    [user_id] => 36
    [is_archived] => 0
)

Current Inventory Record: Array
(
    [inventory_id] => 515
    [quantity] => 1
)

Sale and Inventory Updated Successfully.
Incoming Request: {"sale_id":"55","sale_date":"2024-11-17","quantity":"1","total_price":"450.00","channel":"shopee"}
Current Sale Record: Array
(
    [sale_id] => 55
    [inventory_id] => 514
    [variant_id] => 177
    [product_id] => 105
    [quantity] => 1
    [price] => 450.00
    [total_price] => 450.00
    [channel] => shopee
    [sale_date] => 2024-11-18 00:00:00
    [user_id] => 36
    [is_archived] => 0
)

Current Inventory Record: Array
(
    [inventory_id] => 515
    [quantity] => 1
)

Sale and Inventory Updated Successfully.
Incoming Request: {"sale_id":"55","sale_date":"2024-11-16","quantity":"1","total_price":"450.00","channel":"physical_store"}
Current Sale Record: Array
(
    [sale_id] => 55
    [inventory_id] => 514
    [variant_id] => 177
    [product_id] => 105
    [quantity] => 1
    [price] => 450.00
    [total_price] => 450.00
    [channel] => shopee
    [sale_date] => 2024-11-17 00:00:00
    [user_id] => 36
    [is_archived] => 0
)

Current Inventory Record: Array
(
    [inventory_id] => 514
    [quantity] => 0
)

Sale and Inventory Updated Successfully.
Incoming Request: {"sale_id":"55","sale_date":"2024-11-15","quantity":"1","total_price":"450.00","channel":"shopee"}
Current Sale Record: Array
(
    [sale_id] => 55
    [inventory_id] => 514
    [variant_id] => 177
    [product_id] => 105
    [quantity] => 1
    [price] => 450.00
    [total_price] => 450.00
    [channel] => physical_store
    [sale_date] => 2024-11-16 00:00:00
    [user_id] => 36
    [is_archived] => 0
)

Current Inventory Record: Array
(
    [inventory_id] => 515
    [quantity] => 1
)

Sale and Inventory Updated Successfully.
Incoming Request: {"sale_id":"55","sale_date":"2024-11-14","quantity":"2","total_price":"450.00","channel":"shopee"}
Current Sale Record: Array
(
    [sale_id] => 55
    [inventory_id] => 514
    [variant_id] => 177
    [product_id] => 105
    [quantity] => 1
    [price] => 450.00
    [total_price] => 450.00
    [channel] => shopee
    [sale_date] => 2024-11-15 00:00:00
    [user_id] => 36
    [is_archived] => 0
)

Current Inventory Record: Array
(
    [inventory_id] => 515
    [quantity] => 1
)

Sale and Inventory Updated Successfully.
Incoming Request: {"sale_id":"55","sale_date":"2024-11-13","quantity":"4","total_price":"450.00","channel":"shopee"}
Current Sale Record: Array
(
    [sale_id] => 55
    [inventory_id] => 514
    [variant_id] => 177
    [product_id] => 105
    [quantity] => 2
    [price] => 450.00
    [total_price] => 450.00
    [channel] => shopee
    [sale_date] => 2024-11-14 00:00:00
    [user_id] => 36
    [is_archived] => 0
)

Current Inventory Record: Array
(
    [inventory_id] => 515
    [quantity] => 0
)

Insufficient stock. Available: 2, Requested: 4
Incoming Request: {"sale_id":"55","sale_date":"2024-11-13","quantity":"1","total_price":"450.00","channel":"shopee"}
Current Sale Record: Array
(
    [sale_id] => 55
    [inventory_id] => 514
    [variant_id] => 177
    [product_id] => 105
    [quantity] => 2
    [price] => 450.00
    [total_price] => 450.00
    [channel] => shopee
    [sale_date] => 2024-11-14 00:00:00
    [user_id] => 36
    [is_archived] => 0
)

Current Inventory Record: Array
(
    [inventory_id] => 515
    [quantity] => 0
)

Sale and Inventory Updated Successfully.
Incoming Request: {"sale_id":"55","sale_date":"2024-11-12","quantity":"2","total_price":"450.00","channel":"shopee"}
Current Sale Record: Array
(
    [sale_id] => 55
    [inventory_id] => 514
    [variant_id] => 177
    [product_id] => 105
    [quantity] => 1
    [price] => 450.00
    [total_price] => 450.00
    [channel] => shopee
    [sale_date] => 2024-11-13 00:00:00
    [user_id] => 36
    [is_archived] => 0
)

Current Inventory Record: Array
(
    [inventory_id] => 515
    [quantity] => 1
)

Sale and Inventory Updated Successfully.
Incoming Request: {"sale_id":"56","sale_date":"2024-11-19","quantity":"0","total_price":"450.00","channel":"tiktok"}
Missing required fields: Array
(
    [sale_id] => 56
    [sale_date] => 2024-11-19
    [quantity] => 0
    [total_price] => 450.00
    [channel] => tiktok
)

Incoming Request: {"sale_id":"56","sale_date":"2024-11-19","quantity":"2","total_price":"450.00","channel":"tiktok"}
Current Sale Record: Array
(
    [sale_id] => 56
    [inventory_id] => 516
    [variant_id] => 177
    [product_id] => 105
    [quantity] => 1
    [price] => 450.00
    [total_price] => 450.00
    [channel] => tiktok
    [sale_date] => 2024-11-20 00:00:00
    [user_id] => 36
    [is_archived] => 0
)

Current Inventory Record: Array
(
    [inventory_id] => 516
    [quantity] => 0
)

Insufficient stock. Available: 1, Requested: 2
Incoming Request: {"sale_id":"56","sale_date":"2024-11-19","quantity":"1","total_price":"450.00","channel":"tiktok"}
Current Sale Record: Array
(
    [sale_id] => 56
    [inventory_id] => 516
    [variant_id] => 177
    [product_id] => 105
    [quantity] => 1
    [price] => 450.00
    [total_price] => 450.00
    [channel] => tiktok
    [sale_date] => 2024-11-20 00:00:00
    [user_id] => 36
    [is_archived] => 0
)

Current Inventory Record: Array
(
    [inventory_id] => 516
    [quantity] => 0
)

Sale and Inventory Updated Successfully.
Incoming Request: {"sale_id":"56","sale_date":"2024-11-18","quantity":"2","total_price":"450.00","channel":"tiktok"}
Current Sale Record: Array
(
    [sale_id] => 56
    [inventory_id] => 516
    [variant_id] => 177
    [product_id] => 105
    [quantity] => 1
    [price] => 450.00
    [total_price] => 450.00
    [channel] => tiktok
    [sale_date] => 2024-11-19 00:00:00
    [user_id] => 36
    [is_archived] => 0
)

Current Inventory Record: Array
(
    [inventory_id] => 516
    [quantity] => 1
)

Sale and Inventory Updated Successfully.
Incoming Request: {"sale_id":"56","sale_date":"2024-11-17","quantity":"3","total_price":"450.00","channel":"tiktok"}
Current Sale Record: Array
(
    [sale_id] => 56
    [inventory_id] => 516
    [variant_id] => 177
    [product_id] => 105
    [quantity] => 2
    [price] => 450.00
    [total_price] => 450.00
    [channel] => tiktok
    [sale_date] => 2024-11-18 00:00:00
    [user_id] => 36
    [is_archived] => 0
)

Current Inventory Record: Array
(
    [inventory_id] => 516
    [quantity] => 0
)

Insufficient stock. Available: 2, Requested: 3
Incoming Request: {"sale_id":"56","sale_date":"2024-11-17","quantity":"1","total_price":"450.00","channel":"tiktok"}
Current Sale Record: Array
(
    [sale_id] => 56
    [inventory_id] => 516
    [variant_id] => 177
    [product_id] => 105
    [quantity] => 2
    [price] => 450.00
    [total_price] => 450.00
    [channel] => tiktok
    [sale_date] => 2024-11-18 00:00:00
    [user_id] => 36
    [is_archived] => 0
)

Current Inventory Record: Array
(
    [inventory_id] => 516
    [quantity] => 0
)

Sale and Inventory Updated Successfully.
Incoming Request: {"sale_id":"3556","sale_date":"2024-11-26","quantity":"4","total_price":"3392.00","channel":"shopee"}
Current Sale Record: Array
(
    [sale_id] => 3556
    [inventory_id] => 524
    [variant_id] => 229
    [product_id] => 110
    [quantity] => 3
    [price] => 848.00
    [total_price] => 3392.00
    [channel] => shopee
    [sale_date] => 2024-11-27 00:00:00
    [user_id] => 39
    [is_archived] => 0
)

Current Inventory Record: Array
(
    [inventory_id] => 524
    [quantity] => 2
)

Sale and Inventory Updated Successfully.
Incoming Request: {"sale_id":"3574","sale_date":"2024-11-26","quantity":"4","total_price":"2544.00","channel":"shopee"}
Current Sale Record: Array
(
    [sale_id] => 3574
    [inventory_id] => 542
    [variant_id] => 235
    [product_id] => 110
    [quantity] => 5
    [price] => 848.00
    [total_price] => 2544.00
    [channel] => shopee
    [sale_date] => 2024-11-27 00:00:00
    [user_id] => 39
    [is_archived] => 0
)

Current Inventory Record: Array
(
    [inventory_id] => 542
    [quantity] => 1
)

Sale and Inventory Updated Successfully.
Incoming Request: {"sale_id":"3562","sale_date":"2024-11-25","quantity":"3","total_price":"2544.00","channel":"shopee"}
Current Sale Record: Array
(
    [sale_id] => 3562
    [inventory_id] => 530
    [variant_id] => 231
    [product_id] => 110
    [quantity] => 4
    [price] => 848.00
    [total_price] => 2544.00
    [channel] => shopee
    [sale_date] => 2024-11-26 00:00:00
    [user_id] => 39
    [is_archived] => 0
)

Current Inventory Record: Array
(
    [inventory_id] => 530
    [quantity] => 1
)

Sale and Inventory Updated Successfully.
Incoming Request: {"sale_id":"3563","sale_date":"2024-11-24","quantity":"3","total_price":"2544.00","channel":"tiktok"}
Current Sale Record: Array
(
    [sale_id] => 3563
    [inventory_id] => 531
    [variant_id] => 231
    [product_id] => 110
    [quantity] => 4
    [price] => 848.00
    [total_price] => 2544.00
    [channel] => tiktok
    [sale_date] => 2024-11-25 00:00:00
    [user_id] => 36
    [is_archived] => 0
)

Current Inventory Record: Array
(
    [inventory_id] => 531
    [quantity] => 1
)

Sale and Inventory Updated Successfully.
